# data_prep_20250708_1830.log
[2025-07-08 18:30:00] Starting data preparation pipeline
[2025-07-08 18:30:01] Extracting frames from video: sample_data/vid_fake_01.mp4
[2025-07-08 18:30:02] Saved 56 frames to data/processed/frames/vid_fake_01
[2025-07-08 18:30:03] Extracting audio from: sample_data/vid_fake_01.mp4
[2025-07-08 18:30:04] Audio saved as data/processed/audio/vid_fake_01.wav
[2025-07-08 18:30:05] Generating mel spectrogram from audio
[2025-07-08 18:30:06] Saved mel spectrogram to data/processed/audio/mel_vid_fake_01.npy
[2025-07-08 18:30:07] Renamed file: vid_fake_01 -> fake_01
[2025-07-08 18:30:08] ✅ Data preparation complete for 1 sample
[2025-07-08 18:30:09] ---
[2025-07-08 18:30:10] Extracting frames from video: sample_data/vid_real_02.mp4
[2025-07-08 18:30:11] Saved 61 frames to data/processed/frames/vid_real_02
[2025-07-08 18:30:12] Extracting audio from: sample_data/vid_real_02.mp4
[2025-07-08 18:30:13] Audio saved as data/processed/audio/vid_real_02.wav
[2025-07-08 18:30:14] Generating mel spectrogram from audio
[2025-07-08 18:30:15] Saved mel spectrogram to data/processed/audio/mel_vid_real_02.npy
[2025-07-08 18:30:16] Renamed file: vid_real_02 -> real_02
[2025-07-08 18:30:17] ✅ Data preparation complete for 2 samples
[2025-07-08 18:30:18] All preprocessed data ready in data/processed/
